{"level":"INFO","time":"2026-06-11 17:54:00.800","caller":"log/helper.go:114","msg":"","service":"chronoFlow-admin","msg":"http routes registered"}
{"level":"INFO","time":"2026-06-11 17:54:00.801","caller":"log/global.go:75","msg":"","service":"chronoFlow-admin","msg":"[gRPC] server listening on: [::]:11003"}
{"level":"INFO","time":"2026-06-11 17:54:00.802","caller":"log/global.go:75","msg":"","service":"chronoFlow-admin","msg":"[HTTP] server listening on: [::]:10003"}
{"level":"INFO","time":"2026-06-11 17:55:52.052","caller":"log/helper.go:114","msg":"","service":"chronoFlow-admin","msg":"http routes registered"}
{"level":"INFO","time":"2026-06-11 17:55:52.055","caller":"log/global.go:75","msg":"","service":"chronoFlow-admin","msg":"[gRPC] server listening on: [::]:11003"}
{"level":"INFO","time":"2026-06-11 17:55:52.056","caller":"log/global.go:75","msg":"","service":"chronoFlow-admin","msg":"[HTTP] server listening on: [::]:10003"}
{"level":"INFO","time":"2026-06-11 17:56:55.269","caller":"log/helper.go:127","msg":"","service":"chronoFlow-admin","component":"server_middleware","transport":"http","operation":"/auth.v1.Auth/Login","latency_ms":0,"code":0}
{"level":"INFO","time":"2026-06-11 17:56:55.317","caller":"log/helper.go:127","msg":"","service":"chronoFlow-admin","component":"server_middleware","transport":"http","operation":"/job.v1.Job/CreateJob","latency_ms":11,"code":0}
{"level":"INFO","time":"2026-06-11 17:56:55.351","caller":"log/helper.go:127","msg":"","service":"chronoFlow-admin","component":"server_middleware","transport":"http","operation":"/glue.v1.Glue/SaveGlue","latency_ms":10,"code":0}
{"level":"INFO","time":"2026-06-11 17:56:55.388","caller":"log/helper.go:127","msg":"","service":"chronoFlow-admin","component":"server_middleware","transport":"http","operation":"/job.v1.Job/RunJob","latency_ms":19,"code":0}
{"level":"INFO","time":"2026-06-11 17:56:55.426","caller":"log/helper.go:127","msg":"","service":"chronoFlow-admin","component":"server_middleware","transport":"http","operation":"/internal.v1.JobRunCallback/CallbackJobRun","latency_ms":18,"code":0}
{"level":"INFO","time":"2026-06-11 17:56:56.434","caller":"log/helper.go:127","msg":"","service":"chronoFlow-admin","component":"server_middleware","transport":"http","operation":"/joblog.v1.JobLog/GetJobLogDetail","latency_ms":3,"code":0}
{"level":"INFO","time":"2026-06-11 17:56:57.478","caller":"log/helper.go:127","msg":"","service":"chronoFlow-admin","component":"server_middleware","transport":"http","operation":"/joblog.v1.JobLog/GetJobLogDetail","latency_ms":4,"code":0}
{"level":"INFO","time":"2026-06-11 17:56:58.520","caller":"log/helper.go:127","msg":"","service":"chronoFlow-admin","component":"server_middleware","transport":"http","operation":"/joblog.v1.JobLog/GetJobLogDetail","latency_ms":3,"code":0}
{"level":"INFO","time":"2026-06-11 17:56:59.563","caller":"log/helper.go:127","msg":"","service":"chronoFlow-admin","component":"server_middleware","transport":"http","operation":"/joblog.v1.JobLog/GetJobLogDetail","latency_ms":4,"code":0}
{"level":"INFO","time":"2026-06-11 17:57:00.607","caller":"log/helper.go:127","msg":"","service":"chronoFlow-admin","component":"server_middleware","transport":"http","operation":"/joblog.v1.JobLog/GetJobLogDetail","latency_ms":4,"code":0}
{"level":"INFO","time":"2026-06-11 17:58:04.188","caller":"log/helper.go:127","msg":"","service":"chronoFlow-admin","component":"server_middleware","transport":"http","operation":"/auth.v1.Auth/Login","latency_ms":0,"code":0}
{"level":"INFO","time":"2026-06-11 17:58:04.215","caller":"log/helper.go:127","msg":"","service":"chronoFlow-admin","component":"server_middleware","transport":"http","operation":"/job.v1.Job/CreateJob","latency_ms":8,"code":0}
{"level":"INFO","time":"2026-06-11 17:58:04.247","caller":"log/helper.go:127","msg":"","service":"chronoFlow-admin","component":"server_middleware","transport":"http","operation":"/glue.v1.Glue/SaveGlue","latency_ms":9,"code":0}
{"level":"INFO","time":"2026-06-11 17:58:04.281","caller":"log/helper.go:127","msg":"","service":"chronoFlow-admin","component":"server_middleware","transport":"http","operation":"/job.v1.Job/RunJob","latency_ms":17,"code":0}
{"level":"INFO","time":"2026-06-11 17:58:05.361","caller":"log/helper.go:127","msg":"","service":"chronoFlow-admin","component":"server_middleware","transport":"http","operation":"/internal.v1.JobRunCallback/CallbackJobRun","latency_ms":12,"code":0}
{"level":"INFO","time":"2026-06-11 17:58:10.348","caller":"log/helper.go:127","msg":"","service":"chronoFlow-admin","component":"server_middleware","transport":"http","operation":"/job.v1.Job/KillJob","latency_ms":5021,"code":0}
{"level":"INFO","time":"2026-06-11 17:58:11.393","caller":"log/helper.go:127","msg":"","service":"chronoFlow-admin","component":"server_middleware","transport":"http","operation":"/joblog.v1.JobLog/GetJobLogDetail","latency_ms":5,"code":0}
{"level":"INFO","time":"2026-06-11 17:58:12.428","caller":"log/helper.go:127","msg":"","service":"chronoFlow-admin","component":"server_middleware","transport":"http","operation":"/joblog.v1.JobLog/GetJobLogDetail","latency_ms":3,"code":0}
{"level":"INFO","time":"2026-06-11 17:58:13.466","caller":"log/helper.go:127","msg":"","service":"chronoFlow-admin","component":"server_middleware","transport":"http","operation":"/joblog.v1.JobLog/GetJobLogDetail","latency_ms":5,"code":0}
{"level":"INFO","time":"2026-06-11 17:58:14.513","caller":"log/helper.go:127","msg":"","service":"chronoFlow-admin","component":"server_middleware","transport":"http","operation":"/joblog.v1.JobLog/GetJobLogDetail","latency_ms":4,"code":0}
{"level":"INFO","time":"2026-06-11 17:58:15.552","caller":"log/helper.go:127","msg":"","service":"chronoFlow-admin","component":"server_middleware","transport":"http","operation":"/joblog.v1.JobLog/GetJobLogDetail","latency_ms":4,"code":0}
{"level":"INFO","time":"2026-06-11 17:58:16.592","caller":"log/helper.go:127","msg":"","service":"chronoFlow-admin","component":"server_middleware","transport":"http","operation":"/joblog.v1.JobLog/GetJobLogDetail","latency_ms":4,"code":0}
{"level":"INFO","time":"2026-06-11 17:58:17.636","caller":"log/helper.go:127","msg":"","service":"chronoFlow-admin","component":"server_middleware","transport":"http","operation":"/joblog.v1.JobLog/GetJobLogDetail","latency_ms":4,"code":0}
{"level":"INFO","time":"2026-06-11 17:59:33.146","caller":"log/global.go:70","msg":"","service":"chronoFlow-admin","msg":"[HTTP] server stopping"}
{"level":"INFO","time":"2026-06-11 17:59:33.147","caller":"log/global.go:70","msg":"","service":"chronoFlow-admin","msg":"[gRPC] server stopping"}
{"level":"INFO","time":"2026-06-11 17:59:33.151","caller":"log/helper.go:114","msg":"","service":"chronoFlow-admin","msg":"closing data resources"}
