{"level":"INFO","time":"2026-06-11 17:47:10.810","caller":"log/helper.go:114","msg":"","service":"chronoFlow-exec","msg":"http routes registered"}
{"level":"INFO","time":"2026-06-11 17:47:10.812","caller":"log/global.go:75","msg":"","service":"chronoFlow-exec","msg":"[HTTP] server listening on: [::]:10004"}
{"level":"INFO","time":"2026-06-11 17:47:10.812","caller":"log/global.go:75","msg":"","service":"chronoFlow-exec","msg":"[gRPC] server listening on: [::]:11004"}
{"level":"INFO","time":"2026-06-11 17:47:11.890","caller":"log/helper.go:127","msg":"","service":"chronoFlow-exec","component":"server_middleware","transport":"http","operation":"/executor.v1.Executor/Health","latency_ms":0,"code":0}
{"level":"INFO","time":"2026-06-11 17:50:31.479","caller":"log/helper.go:114","msg":"","service":"chronoFlow-exec","msg":"http routes registered"}
{"level":"INFO","time":"2026-06-11 17:50:31.483","caller":"log/global.go:75","msg":"","service":"chronoFlow-exec","msg":"[gRPC] server listening on: [::]:11004"}
{"level":"INFO","time":"2026-06-11 17:50:31.483","caller":"log/global.go:75","msg":"","service":"chronoFlow-exec","msg":"[HTTP] server listening on: [::]:10004"}
{"level":"INFO","time":"2026-06-11 17:50:31.878","caller":"log/helper.go:127","msg":"","service":"chronoFlow-exec","component":"server_middleware","transport":"http","operation":"/executor.v1.Executor/Health","latency_ms":0,"code":0}
{"level":"INFO","time":"2026-06-11 17:50:34.551","caller":"log/helper.go:127","msg":"","service":"chronoFlow-exec","component":"server_middleware","transport":"http","operation":"/executor.v1.Executor/Health","latency_ms":0,"code":0}
{"level":"INFO","time":"2026-06-11 17:53:59.973","caller":"log/helper.go:114","msg":"","service":"chronoFlow-exec","msg":"http routes registered"}
{"level":"INFO","time":"2026-06-11 17:53:59.975","caller":"log/global.go:75","msg":"","service":"chronoFlow-exec","msg":"[HTTP] server listening on: [::]:10004"}
{"level":"INFO","time":"2026-06-11 17:53:59.975","caller":"log/global.go:75","msg":"","service":"chronoFlow-exec","msg":"[gRPC] server listening on: [::]:11004"}
{"level":"INFO","time":"2026-06-11 17:56:06.311","caller":"log/helper.go:114","msg":"","service":"chronoFlow-exec","msg":"http routes registered"}
{"level":"INFO","time":"2026-06-11 17:56:06.316","caller":"log/global.go:75","msg":"","service":"chronoFlow-exec","msg":"[gRPC] server listening on: [::]:11004"}
{"level":"INFO","time":"2026-06-11 17:56:06.316","caller":"log/global.go:75","msg":"","service":"chronoFlow-exec","msg":"[HTTP] server listening on: [::]:10004"}
{"level":"INFO","time":"2026-06-11 17:56:12.063","caller":"log/helper.go:127","msg":"","service":"chronoFlow-exec","component":"server_middleware","transport":"http","operation":"/executor.v1.Executor/Health","latency_ms":0,"code":0}
{"level":"INFO","time":"2026-06-11 17:56:22.058","caller":"log/helper.go:127","msg":"","service":"chronoFlow-exec","component":"server_middleware","transport":"http","operation":"/executor.v1.Executor/Health","latency_ms":0,"code":0}
{"level":"INFO","time":"2026-06-11 17:56:32.058","caller":"log/helper.go:127","msg":"","service":"chronoFlow-exec","component":"server_middleware","transport":"http","operation":"/executor.v1.Executor/Health","latency_ms":0,"code":0}
{"level":"INFO","time":"2026-06-11 17:56:42.059","caller":"log/helper.go:127","msg":"","service":"chronoFlow-exec","component":"server_middleware","transport":"http","operation":"/executor.v1.Executor/Health","latency_ms":0,"code":0}
{"level":"INFO","time":"2026-06-11 17:56:52.057","caller":"log/helper.go:127","msg":"","service":"chronoFlow-exec","component":"server_middleware","transport":"http","operation":"/executor.v1.Executor/Health","latency_ms":0,"code":0}
{"level":"INFO","time":"2026-06-11 17:56:55.287","caller":"log/helper.go:127","msg":"","service":"chronoFlow-exec","component":"server_middleware","transport":"http","operation":"/executor.v1.Executor/Health","latency_ms":0,"code":0}
{"level":"INFO","time":"2026-06-11 17:56:55.387","caller":"log/helper.go:127","msg":"","service":"chronoFlow-exec","component":"server_middleware","transport":"http","operation":"/executor.v1.Executor/Run","latency_ms":0,"code":0}
{"level":"INFO","time":"2026-06-11 17:57:02.060","caller":"log/helper.go:127","msg":"","service":"chronoFlow-exec","component":"server_middleware","transport":"http","operation":"/executor.v1.Executor/Health","latency_ms":0,"code":0}
{"level":"INFO","time":"2026-06-11 17:57:12.057","caller":"log/helper.go:127","msg":"","service":"chronoFlow-exec","component":"server_middleware","transport":"http","operation":"/executor.v1.Executor/Health","latency_ms":0,"code":0}
{"level":"INFO","time":"2026-06-11 17:57:22.053","caller":"log/helper.go:127","msg":"","service":"chronoFlow-exec","component":"server_middleware","transport":"http","operation":"/executor.v1.Executor/Health","latency_ms":0,"code":0}
{"level":"INFO","time":"2026-06-11 17:57:32.057","caller":"log/helper.go:127","msg":"","service":"chronoFlow-exec","component":"server_middleware","transport":"http","operation":"/executor.v1.Executor/Health","latency_ms":0,"code":0}
{"level":"INFO","time":"2026-06-11 17:57:42.058","caller":"log/helper.go:127","msg":"","service":"chronoFlow-exec","component":"server_middleware","transport":"http","operation":"/executor.v1.Executor/Health","latency_ms":0,"code":0}
{"level":"INFO","time":"2026-06-11 17:57:52.067","caller":"log/helper.go:127","msg":"","service":"chronoFlow-exec","component":"server_middleware","transport":"http","operation":"/executor.v1.Executor/Health","latency_ms":0,"code":0}
{"level":"INFO","time":"2026-06-11 17:58:02.054","caller":"log/helper.go:127","msg":"","service":"chronoFlow-exec","component":"server_middleware","transport":"http","operation":"/executor.v1.Executor/Health","latency_ms":0,"code":0}
{"level":"INFO","time":"2026-06-11 17:58:04.280","caller":"log/helper.go:127","msg":"","service":"chronoFlow-exec","component":"server_middleware","transport":"http","operation":"/executor.v1.Executor/Run","latency_ms":0,"code":0}
{"level":"INFO","time":"2026-06-11 17:58:10.346","caller":"log/helper.go:127","msg":"","service":"chronoFlow-exec","component":"server_middleware","transport":"http","operation":"/executor.v1.Executor/Kill","latency_ms":5000,"code":0}
{"level":"INFO","time":"2026-06-11 17:58:12.053","caller":"log/helper.go:127","msg":"","service":"chronoFlow-exec","component":"server_middleware","transport":"http","operation":"/executor.v1.Executor/Health","latency_ms":0,"code":0}
{"level":"INFO","time":"2026-06-11 17:58:22.056","caller":"log/helper.go:127","msg":"","service":"chronoFlow-exec","component":"server_middleware","transport":"http","operation":"/executor.v1.Executor/Health","latency_ms":0,"code":0}
{"level":"INFO","time":"2026-06-11 17:58:32.056","caller":"log/helper.go:127","msg":"","service":"chronoFlow-exec","component":"server_middleware","transport":"http","operation":"/executor.v1.Executor/Health","latency_ms":0,"code":0}
{"level":"INFO","time":"2026-06-11 17:58:42.057","caller":"log/helper.go:127","msg":"","service":"chronoFlow-exec","component":"server_middleware","transport":"http","operation":"/executor.v1.Executor/Health","latency_ms":0,"code":0}
{"level":"INFO","time":"2026-06-11 17:58:52.054","caller":"log/helper.go:127","msg":"","service":"chronoFlow-exec","component":"server_middleware","transport":"http","operation":"/executor.v1.Executor/Health","latency_ms":0,"code":0}
{"level":"INFO","time":"2026-06-11 17:59:02.055","caller":"log/helper.go:127","msg":"","service":"chronoFlow-exec","component":"server_middleware","transport":"http","operation":"/executor.v1.Executor/Health","latency_ms":0,"code":0}
{"level":"INFO","time":"2026-06-11 17:59:12.056","caller":"log/helper.go:127","msg":"","service":"chronoFlow-exec","component":"server_middleware","transport":"http","operation":"/executor.v1.Executor/Health","latency_ms":0,"code":0}
{"level":"INFO","time":"2026-06-11 17:59:22.056","caller":"log/helper.go:127","msg":"","service":"chronoFlow-exec","component":"server_middleware","transport":"http","operation":"/executor.v1.Executor/Health","latency_ms":0,"code":0}
{"level":"INFO","time":"2026-06-11 17:59:32.055","caller":"log/helper.go:127","msg":"","service":"chronoFlow-exec","component":"server_middleware","transport":"http","operation":"/executor.v1.Executor/Health","latency_ms":0,"code":0}
{"level":"INFO","time":"2026-06-11 18:00:15.453","caller":"log/global.go:70","msg":"","service":"chronoFlow-exec","msg":"[gRPC] server stopping"}
{"level":"INFO","time":"2026-06-11 18:00:15.453","caller":"log/global.go:70","msg":"","service":"chronoFlow-exec","msg":"[HTTP] server stopping"}
{"level":"INFO","time":"2026-06-11 18:00:15.457","caller":"log/global.go:75","msg":"","service":"chronoFlow-exec","msg":"watcher's ctx cancel : context canceled"}
